2012-05-19 01:06:40 Error: [MissingActionException] Action UsersController::login() could not be found.
#0 /var/www/Selenize/lib/Cake/Routing/Dispatcher.php(103): Controller->invokeAction(Object(CakeRequest))
#1 /var/www/Selenize/lib/Cake/Routing/Dispatcher.php(85): Dispatcher->_invoke(Object(UsersController), Object(CakeRequest), Object(CakeResponse))
#2 /var/www/Selenize/app/webroot/index.php(92): Dispatcher->dispatch(Object(CakeRequest), Object(CakeResponse))
#3 {main}
2012-05-19 01:09:53 Error: [MissingViewException] View file "/var/www/Selenize/app/View/Users/login.ctp" is missing.
#0 /var/www/Selenize/lib/Cake/View/View.php(460): View->_getViewFileName(NULL)
#1 /var/www/Selenize/lib/Cake/Controller/Controller.php(959): View->render(NULL, NULL)
#2 /var/www/Selenize/lib/Cake/Routing/Dispatcher.php(110): Controller->render()
#3 /var/www/Selenize/lib/Cake/Routing/Dispatcher.php(85): Dispatcher->_invoke(Object(UsersController), Object(CakeRequest), Object(CakeResponse))
#4 /var/www/Selenize/app/webroot/index.php(92): Dispatcher->dispatch(Object(CakeRequest), Object(CakeResponse))
#5 {main}
2012-05-19 01:31:49 Error: [ReflectionException] Class RepositoriesController does not have a constructor, so you cannot pass any constructor arguments
#0 /var/www/Selenize/lib/Cake/Routing/Dispatcher.php(163): ReflectionClass->newInstance(Object(CakeRequest), Object(CakeResponse))
#1 /var/www/Selenize/lib/Cake/Routing/Dispatcher.php(76): Dispatcher->_getController(Object(CakeRequest), Object(CakeResponse))
#2 /var/www/Selenize/app/webroot/index.php(92): Dispatcher->dispatch(Object(CakeRequest), Object(CakeResponse))
#3 {main}
2012-05-19 01:33:44 Error: [MissingViewException] View file "/var/www/Selenize/app/View/Repositories/add.ctp" is missing.
#0 /var/www/Selenize/lib/Cake/View/View.php(460): View->_getViewFileName(NULL)
#1 /var/www/Selenize/lib/Cake/Controller/Controller.php(959): View->render(NULL, NULL)
#2 /var/www/Selenize/lib/Cake/Routing/Dispatcher.php(110): Controller->render()
#3 /var/www/Selenize/lib/Cake/Routing/Dispatcher.php(85): Dispatcher->_invoke(Object(RepositoriesController), Object(CakeRequest), Object(CakeResponse))
#4 /var/www/Selenize/app/webroot/index.php(92): Dispatcher->dispatch(Object(CakeRequest), Object(CakeResponse))
#5 {main}
2012-05-19 15:35:03 Error: [PDOException] SQLSTATE[23000]: Integrity constraint violation: 1062 Duplicate entry 'martin' for key 'username'
#0 /var/www/Selenize/lib/Cake/Model/Datasource/DboSource.php(437): PDOStatement->execute(Array)
#1 /var/www/Selenize/lib/Cake/Model/Datasource/DboSource.php(403): DboSource->_execute('INSERT INTO `se...', Array)
#2 /var/www/Selenize/lib/Cake/Model/Datasource/DboSource.php(985): DboSource->execute('INSERT INTO `se...')
#3 /var/www/Selenize/lib/Cake/Model/Model.php(1705): DboSource->create(Object(User), Array, Array)
#4 /var/www/Selenize/app/Controller/UsersController.php(11): Model->save(Array)
#5 [internal function]: UsersController->add()
#6 /var/www/Selenize/lib/Cake/Controller/Controller.php(485): ReflectionMethod->invokeArgs(Object(UsersController), Array)
#7 /var/www/Selenize/lib/Cake/Routing/Dispatcher.php(103): Controller->invokeAction(Object(CakeRequest))
#8 /var/www/Selenize/lib/Cake/Routing/Dispatcher.php(85): Dispatcher->_invoke(Object(UsersController), Object(CakeRequest), Object(CakeResponse))
#9 /var/www/Selenize/app/webroot/index.php(92): Dispatcher->dispatch(Object(CakeRequest), Object(CakeResponse))
#10 {main}
2012-05-19 15:35:18 Error: [PDOException] SQLSTATE[23000]: Integrity constraint violation: 1062 Duplicate entry 'martin' for key 'username'
#0 /var/www/Selenize/lib/Cake/Model/Datasource/DboSource.php(437): PDOStatement->execute(Array)
#1 /var/www/Selenize/lib/Cake/Model/Datasource/DboSource.php(403): DboSource->_execute('INSERT INTO `se...', Array)
#2 /var/www/Selenize/lib/Cake/Model/Datasource/DboSource.php(985): DboSource->execute('INSERT INTO `se...')
#3 /var/www/Selenize/lib/Cake/Model/Model.php(1705): DboSource->create(Object(User), Array, Array)
#4 /var/www/Selenize/app/Controller/UsersController.php(11): Model->save(Array)
#5 [internal function]: UsersController->add()
#6 /var/www/Selenize/lib/Cake/Controller/Controller.php(485): ReflectionMethod->invokeArgs(Object(UsersController), Array)
#7 /var/www/Selenize/lib/Cake/Routing/Dispatcher.php(103): Controller->invokeAction(Object(CakeRequest))
#8 /var/www/Selenize/lib/Cake/Routing/Dispatcher.php(85): Dispatcher->_invoke(Object(UsersController), Object(CakeRequest), Object(CakeResponse))
#9 /var/www/Selenize/app/webroot/index.php(92): Dispatcher->dispatch(Object(CakeRequest), Object(CakeResponse))
#10 {main}
2012-05-19 15:46:08 Error: [PDOException] SQLSTATE[23000]: Integrity constraint violation: 1062 Duplicate entry 'martin' for key 'username'
#0 /var/www/Selenize/lib/Cake/Model/Datasource/DboSource.php(437): PDOStatement->execute(Array)
#1 /var/www/Selenize/lib/Cake/Model/Datasource/DboSource.php(403): DboSource->_execute('INSERT INTO `se...', Array)
#2 /var/www/Selenize/lib/Cake/Model/Datasource/DboSource.php(985): DboSource->execute('INSERT INTO `se...')
#3 /var/www/Selenize/lib/Cake/Model/Model.php(1705): DboSource->create(Object(User), Array, Array)
#4 /var/www/Selenize/app/Controller/UsersController.php(11): Model->save(Array)
#5 [internal function]: UsersController->add()
#6 /var/www/Selenize/lib/Cake/Controller/Controller.php(485): ReflectionMethod->invokeArgs(Object(UsersController), Array)
#7 /var/www/Selenize/lib/Cake/Routing/Dispatcher.php(103): Controller->invokeAction(Object(CakeRequest))
#8 /var/www/Selenize/lib/Cake/Routing/Dispatcher.php(85): Dispatcher->_invoke(Object(UsersController), Object(CakeRequest), Object(CakeResponse))
#9 /var/www/Selenize/app/webroot/index.php(92): Dispatcher->dispatch(Object(CakeRequest), Object(CakeResponse))
#10 {main}
2012-05-19 16:08:40 Error: [MissingActionException] Action UsersController::index() could not be found.
#0 /var/www/Selenize/lib/Cake/Routing/Dispatcher.php(103): Controller->invokeAction(Object(CakeRequest))
#1 /var/www/Selenize/lib/Cake/Routing/Dispatcher.php(85): Dispatcher->_invoke(Object(UsersController), Object(CakeRequest), Object(CakeResponse))
#2 /var/www/Selenize/app/webroot/index.php(92): Dispatcher->dispatch(Object(CakeRequest), Object(CakeResponse))
#3 {main}
2012-05-19 16:10:00 Error: [MissingControllerException] Controller class HelloController could not be found.
#0 /var/www/Selenize/app/webroot/index.php(92): Dispatcher->dispatch(Object(CakeRequest), Object(CakeResponse))
#1 {main}
2012-05-19 16:10:01 Error: [MissingControllerException] Controller class HelloController could not be found.
#0 /var/www/Selenize/app/webroot/index.php(92): Dispatcher->dispatch(Object(CakeRequest), Object(CakeResponse))
#1 {main}
2012-05-19 16:10:31 Error: [MissingControllerException] Controller class HelloController could not be found.
#0 /var/www/Selenize/app/webroot/index.php(92): Dispatcher->dispatch(Object(CakeRequest), Object(CakeResponse))
#1 {main}
2012-05-19 16:10:31 Error: [MissingControllerException] Controller class HelloController could not be found.
#0 /var/www/Selenize/app/webroot/index.php(92): Dispatcher->dispatch(Object(CakeRequest), Object(CakeResponse))
#1 {main}
2012-05-19 16:11:56 Error: [MissingActionException] Action UsersController::martin() could not be found.
#0 /var/www/Selenize/lib/Cake/Routing/Dispatcher.php(103): Controller->invokeAction(Object(CakeRequest))
#1 /var/www/Selenize/lib/Cake/Routing/Dispatcher.php(85): Dispatcher->_invoke(Object(UsersController), Object(CakeRequest), Object(CakeResponse))
#2 /var/www/Selenize/app/webroot/index.php(92): Dispatcher->dispatch(Object(CakeRequest), Object(CakeResponse))
#3 {main}
2012-05-19 16:12:03 Error: [MissingControllerException] Controller class FilestoreController could not be found.
#0 /var/www/Selenize/app/webroot/index.php(92): Dispatcher->dispatch(Object(CakeRequest), Object(CakeResponse))
#1 {main}
2012-05-19 21:57:02 Error: [MissingControllerException] Controller class FilestoreController could not be found.
#0 /var/www/Selenize/app/webroot/index.php(92): Dispatcher->dispatch(Object(CakeRequest), Object(CakeResponse))
#1 {main}
2012-05-19 21:57:02 Error: [MissingControllerException] Controller class FilestoreController could not be found.
#0 /var/www/Selenize/app/webroot/index.php(92): Dispatcher->dispatch(Object(CakeRequest), Object(CakeResponse))
#1 {main}
2012-05-19 21:58:20 Error: [MissingControllerException] Controller class FilestoreController could not be found.
#0 /var/www/Selenize/app/webroot/index.php(92): Dispatcher->dispatch(Object(CakeRequest), Object(CakeResponse))
#1 {main}
2012-05-19 21:58:20 Error: [MissingControllerException] Controller class FilestoreController could not be found.
#0 /var/www/Selenize/app/webroot/index.php(92): Dispatcher->dispatch(Object(CakeRequest), Object(CakeResponse))
#1 {main}
2012-05-19 21:58:39 Error: [MissingControllerException] Controller class FilestoreController could not be found.
#0 /var/www/Selenize/app/webroot/index.php(92): Dispatcher->dispatch(Object(CakeRequest), Object(CakeResponse))
#1 {main}
2012-05-19 21:58:39 Error: [MissingControllerException] Controller class FilestoreController could not be found.
#0 /var/www/Selenize/app/webroot/index.php(92): Dispatcher->dispatch(Object(CakeRequest), Object(CakeResponse))
#1 {main}
2012-05-19 21:59:16 Error: [MissingControllerException] Controller class FilestoreController could not be found.
#0 /var/www/Selenize/app/webroot/index.php(92): Dispatcher->dispatch(Object(CakeRequest), Object(CakeResponse))
#1 {main}
2012-05-19 21:59:17 Error: [MissingControllerException] Controller class FilestoreController could not be found.
#0 /var/www/Selenize/app/webroot/index.php(92): Dispatcher->dispatch(Object(CakeRequest), Object(CakeResponse))
#1 {main}
2012-05-19 21:59:26 Error: [MissingControllerException] Controller class FilestoreController could not be found.
#0 /var/www/Selenize/app/webroot/index.php(92): Dispatcher->dispatch(Object(CakeRequest), Object(CakeResponse))
#1 {main}
2012-05-19 21:59:26 Error: [MissingControllerException] Controller class FilestoreController could not be found.
#0 /var/www/Selenize/app/webroot/index.php(92): Dispatcher->dispatch(Object(CakeRequest), Object(CakeResponse))
#1 {main}
2012-05-19 22:01:16 Error: [MissingControllerException] Controller class FilestoreController could not be found.
#0 /var/www/Selenize/app/webroot/index.php(92): Dispatcher->dispatch(Object(CakeRequest), Object(CakeResponse))
#1 {main}
2012-05-19 22:01:16 Error: [MissingControllerException] Controller class FilestoreController could not be found.
#0 /var/www/Selenize/app/webroot/index.php(92): Dispatcher->dispatch(Object(CakeRequest), Object(CakeResponse))
#1 {main}
2012-05-19 22:05:01 Error: [MissingControllerException] Controller class FilestoreController could not be found.
#0 /var/www/Selenize/app/webroot/index.php(92): Dispatcher->dispatch(Object(CakeRequest), Object(CakeResponse))
#1 {main}
2012-05-19 22:05:01 Error: [MissingControllerException] Controller class FilestoreController could not be found.
#0 /var/www/Selenize/app/webroot/index.php(92): Dispatcher->dispatch(Object(CakeRequest), Object(CakeResponse))
#1 {main}
2012-05-20 01:39:45 Error: [MissingControllerException] Controller class FilestoreController could not be found.
#0 /var/www/Selenize/app/webroot/index.php(92): Dispatcher->dispatch(Object(CakeRequest), Object(CakeResponse))
#1 {main}
2012-05-20 01:39:45 Error: [MissingControllerException] Controller class FilestoreController could not be found.
#0 /var/www/Selenize/app/webroot/index.php(92): Dispatcher->dispatch(Object(CakeRequest), Object(CakeResponse))
#1 {main}
2012-05-20 01:40:09 Error: [MissingControllerException] Controller class FilestoreController could not be found.
#0 /var/www/Selenize/app/webroot/index.php(92): Dispatcher->dispatch(Object(CakeRequest), Object(CakeResponse))
#1 {main}
2012-05-20 01:40:09 Error: [MissingControllerException] Controller class FilestoreController could not be found.
#0 /var/www/Selenize/app/webroot/index.php(92): Dispatcher->dispatch(Object(CakeRequest), Object(CakeResponse))
#1 {main}
2012-05-20 01:40:37 Error: [MissingControllerException] Controller class FilestoreController could not be found.
#0 /var/www/Selenize/app/webroot/index.php(92): Dispatcher->dispatch(Object(CakeRequest), Object(CakeResponse))
#1 {main}
2012-05-20 01:40:37 Error: [MissingControllerException] Controller class FilestoreController could not be found.
#0 /var/www/Selenize/app/webroot/index.php(92): Dispatcher->dispatch(Object(CakeRequest), Object(CakeResponse))
#1 {main}
2012-05-20 15:19:12 Error: [MissingControllerException] Controller class RepositoryController could not be found.
#0 /var/www/Selenize/app/webroot/index.php(92): Dispatcher->dispatch(Object(CakeRequest), Object(CakeResponse))
#1 {main}
2012-05-20 15:31:42 Error: [MissingViewException] View file "/var/www/Selenize/app/View/Repositories/test.ctp" is missing.
#0 /var/www/Selenize/lib/Cake/View/View.php(460): View->_getViewFileName(NULL)
#1 /var/www/Selenize/lib/Cake/Controller/Controller.php(959): View->render(NULL, NULL)
#2 /var/www/Selenize/lib/Cake/Routing/Dispatcher.php(110): Controller->render()
#3 /var/www/Selenize/lib/Cake/Routing/Dispatcher.php(85): Dispatcher->_invoke(Object(RepositoriesController), Object(CakeRequest), Object(CakeResponse))
#4 /var/www/Selenize/app/webroot/index.php(92): Dispatcher->dispatch(Object(CakeRequest), Object(CakeResponse))
#5 {main}
2012-05-20 21:25:31 Error: [MissingActionException] Action RepositoriesController::index() could not be found.
#0 /var/www/Selenize/lib/Cake/Routing/Dispatcher.php(103): Controller->invokeAction(Object(CakeRequest))
#1 /var/www/Selenize/lib/Cake/Routing/Dispatcher.php(85): Dispatcher->_invoke(Object(RepositoriesController), Object(CakeRequest), Object(CakeResponse))
#2 /var/www/Selenize/app/webroot/index.php(92): Dispatcher->dispatch(Object(CakeRequest), Object(CakeResponse))
#3 {main}
2012-05-20 21:27:14 Error: [MissingActionException] Action RepositoriesController::dashboard() could not be found.
#0 /var/www/Selenize/lib/Cake/Routing/Dispatcher.php(103): Controller->invokeAction(Object(CakeRequest))
#1 /var/www/Selenize/lib/Cake/Routing/Dispatcher.php(85): Dispatcher->_invoke(Object(RepositoriesController), Object(CakeRequest), Object(CakeResponse))
#2 /var/www/Selenize/app/webroot/index.php(92): Dispatcher->dispatch(Object(CakeRequest), Object(CakeResponse))
#3 {main}
